<?xml version="1.0" encoding="UTF-8"?>
<!-- Generated by org.testng.reporters.JUnitReportReporter -->
<testsuite hostname="DESKTOP-RHSIR4D" failures="0" tests="2" name="net.openrainbow.test.LoginTest" time="31.413" errors="0" timestamp="2021-07-24T22:55:15 IDT" skipped="0">
  <testcase classname="net.openrainbow.test.LoginTest" name="invalidLogin" time="11.058"/>
  <system-out/>
  <testcase classname="net.openrainbow.test.LoginTest" name="validLogin" time="20.355"/>
  <system-out/>
</testsuite> <!-- net.openrainbow.test.LoginTest -->
