<?xml version="1.0" encoding="UTF-8"?>
<!-- Generated by org.testng.reporters.JUnitReportReporter -->
<testsuite hostname="MUDXs-MacBook-Pro.local" failures="0" tests="1" name="net.openrainbow.test.openTest" time="0.060" errors="0" timestamp="2021-07-14T21:24:55 EEST" skipped="0">
  <testcase classname="net.openrainbow.test.openTest" name="user_should_be_able_to_login1" time="0.060"/>
  <system-out/>
</testsuite> <!-- net.openrainbow.test.openTest -->
